05:26:54,770 root INFO 02/27/2025, 05:26:54.769940 Get RegisterUser Request
05:26:54,770 root INFO Detect Face Using MTCNN is called.
05:26:54,770 root INFO Hash Image is different
05:26:54,934 root INFO MTCNN face detection time: 154.704774 miliseconds
05:26:54,936 root INFO Face Detection time server: 166 milliseconds
05:26:54,936 root INFO Face Detection time : 166 miliseconds
05:26:54,936 root INFO Feature Extractor is called.
05:26:55,191 root INFO Feature Extraction time: 254.54813399999998 miliseconds
05:26:55,191 root INFO All Service Feature Extractor time server: 255 milliseconds
05:26:55,192 root INFO Feature Extractor time : 256 miliseconds
05:26:55,192 root INFO 02/27/2025, 05:26:55.192382 Get IdentifyOne Request
05:26:55,192 root INFO 🔍 Mencari executor di Redis dengan prefix: executor_pool-None-
05:26:55,193 root INFO ✅ Raw Worker ID dari Redis: []
05:26:55,193 root INFO ✅ Executor ID Setelah Parsing: []
05:26:55,193 root ERROR ❌ Tidak ada executor yang ditemukan di Redis!
05:26:55,193 root INFO Confidence Score : 0.0
05:26:55,193 root INFO Normal Registration
05:26:55,193 grpc._server ERROR Exception calling application: registerUserMember() missing 2 required positional arguments: 'user_member_unique_id' and 'user_member_description'
Traceback (most recent call last):
  File "/home/dev/face-infran-spark/venv/lib/python3.10/site-packages/grpc/_server.py", line 552, in _call_behavior
    response_or_iterator = behavior(argument, context)
  File "/home/dev/face-infran-spark/driver/driver_infran_service_async.py", line 521, in RegisterUser
    memberInfo = DBQ.registerUserMember(dbh, request.TenantID, request.Name, request.Name, request.Password)
TypeError: registerUserMember() missing 2 required positional arguments: 'user_member_unique_id' and 'user_member_description'
05:26:56,545 root INFO 02/27/2025, 05:26:56.545477 Get RegisterUser Request
05:26:56,545 root INFO Detect Face Using MTCNN is called.
05:26:56,545 root INFO Hash Image is same
05:26:56,545 root INFO Face Detection time server: 0 milliseconds
05:26:56,546 root INFO Face Detection time : 0 miliseconds
05:26:56,546 root INFO Feature Extractor is called.
05:26:56,750 root INFO Feature Extraction time: 204.348893 miliseconds
05:26:56,750 root INFO All Service Feature Extractor time server: 205 milliseconds
05:26:56,751 root INFO Feature Extractor time : 205 miliseconds
05:26:56,751 root INFO 02/27/2025, 05:26:56.751523 Get IdentifyOne Request
05:26:56,751 root INFO 🔍 Mencari executor di Redis dengan prefix: executor_pool-None-
05:26:56,752 root INFO ✅ Raw Worker ID dari Redis: []
05:26:56,752 root INFO ✅ Executor ID Setelah Parsing: []
05:26:56,752 root ERROR ❌ Tidak ada executor yang ditemukan di Redis!
05:26:56,752 root INFO Confidence Score : 0.0
05:26:56,752 root INFO Normal Registration
05:26:56,752 grpc._server ERROR Exception calling application: registerUserMember() missing 2 required positional arguments: 'user_member_unique_id' and 'user_member_description'
Traceback (most recent call last):
  File "/home/dev/face-infran-spark/venv/lib/python3.10/site-packages/grpc/_server.py", line 552, in _call_behavior
    response_or_iterator = behavior(argument, context)
  File "/home/dev/face-infran-spark/driver/driver_infran_service_async.py", line 521, in RegisterUser
    memberInfo = DBQ.registerUserMember(dbh, request.TenantID, request.Name, request.Name, request.Password)
TypeError: registerUserMember() missing 2 required positional arguments: 'user_member_unique_id' and 'user_member_description'
