05:57:09,977 root INFO 02/27/2025, 05:57:09.977092 Get RegisterUser Request
05:57:09,977 root INFO Detect Face Using MTCNN is called.
05:57:09,977 root INFO Hash Image is different
05:57:10,153 root INFO MTCNN face detection time: 165.839038 miliseconds
05:57:10,156 root INFO Face Detection time server: 179 milliseconds
05:57:10,156 root INFO Face Detection time : 179 miliseconds
05:57:10,156 root INFO Feature Extractor is called.
05:57:10,384 root INFO Feature Extraction time: 227.082965 miliseconds
05:57:10,384 root INFO All Service Feature Extractor time server: 228 milliseconds
05:57:10,384 root INFO Feature Extractor time : 228 miliseconds
05:57:10,385 root INFO 02/27/2025, 05:57:10.385161 Get IdentifyOne Request
05:57:10,385 root INFO 🔍 Mencari executor di Redis dengan prefix: executor_pool-172.16.13.216-
05:57:10,385 root INFO ✅ Raw Worker ID dari Redis: ['executor_pool-172.16.13.216-worker_1-executor_1-7884-9197', 'executor_pool-172.16.13.216-worker_1-executor_3-10512-10518', 'executor_pool-172.16.13.216-worker_1-executor_2-9198-10511']
05:57:10,385 root INFO ✅ Executor ID Setelah Parsing: ['worker_1-executor_1-7884-9197', 'worker_1-executor_3-10512-10518', 'worker_1-executor_2-9198-10511']
05:57:10,385 root INFO 🚀 Mengirim request ke 3 executor dengan ThreadPoolExecutor.
05:57:10,389 root INFO Redis : {'type': 'subscribe', 'pattern': None, 'channel': b'worker_1-executor_1-7884-9197-86bb2c74-c250-4e02-b1fd-85a5b5ab0634', 'data': 1}
05:57:10,389 root INFO Redis : {'type': 'subscribe', 'pattern': None, 'channel': b'worker_1-executor_3-10512-10518-86bb2c74-c250-4e02-b1fd-85a5b5ab0634', 'data': 1}
05:57:10,390 root INFO Redis : {'type': 'subscribe', 'pattern': None, 'channel': b'worker_1-executor_2-9198-10511-86bb2c74-c250-4e02-b1fd-85a5b5ab0634', 'data': 1}
05:57:10,399 root INFO Channel: b'worker_1-executor_2-9198-10511-86bb2c74-c250-4e02-b1fd-85a5b5ab0634' - Message Length: 10
05:57:10,399 root INFO Channel: b'worker_1-executor_3-10512-10518-86bb2c74-c250-4e02-b1fd-85a5b5ab0634' - Message Length: 10
05:57:10,399 root INFO Channel: b'worker_1-executor_1-7884-9197-86bb2c74-c250-4e02-b1fd-85a5b5ab0634' - Message Length: 10
05:57:10,399 root INFO Redis : {'type': 'unsubscribe', 'pattern': None, 'channel': b'worker_1-executor_3-10512-10518-86bb2c74-c250-4e02-b1fd-85a5b5ab0634', 'data': 0}
05:57:10,400 root INFO Redis : {'type': 'unsubscribe', 'pattern': None, 'channel': b'worker_1-executor_2-9198-10511-86bb2c74-c250-4e02-b1fd-85a5b5ab0634', 'data': 0}
05:57:10,402 root INFO Confidence Score : 0.0
05:57:10,402 root INFO Redis : {'type': 'unsubscribe', 'pattern': None, 'channel': b'worker_1-executor_1-7884-9197-86bb2c74-c250-4e02-b1fd-85a5b5ab0634', 'data': 0}
05:57:10,402 root INFO Normal Registration
05:57:10,425 grpc._server ERROR Exception calling application: saveEmbedding() takes 6 positional arguments but 7 were given
Traceback (most recent call last):
  File "/home/dev/face-infran-spark/venv/lib/python3.10/site-packages/grpc/_server.py", line 552, in _call_behavior
    response_or_iterator = behavior(argument, context)
  File "/home/dev/face-infran-spark/driver/driver_infran_service_async.py", line 531, in RegisterUser
    embeddingInfo = DBQ.saveEmbedding(dbh, request.TenantID, UserID, save_path, rkey, Embedding.dumps(), embedding_l.tolist())
TypeError: saveEmbedding() takes 6 positional arguments but 7 were given
