05:22:52,527 root INFO 02/27/2025, 05:22:52.527402 Get RegisterUser Request
05:22:52,527 root INFO Detect Face Using MTCNN is called.
05:22:52,527 root INFO Hash Image is different
05:22:52,699 root INFO MTCNN face detection time: 162.292044 miliseconds
05:22:52,702 root INFO Face Detection time server: 175 milliseconds
05:22:52,702 root INFO Face Detection time : 175 miliseconds
05:22:52,702 root INFO Feature Extractor is called.
05:22:52,939 root INFO Feature Extraction time: 235.942031 miliseconds
05:22:52,939 root INFO All Service Feature Extractor time server: 236 milliseconds
05:22:52,939 root INFO Feature Extractor time : 237 miliseconds
05:22:52,940 root INFO 02/27/2025, 05:22:52.939983 Get IdentifyOne Request
05:22:52,940 root INFO 🔍 Mencari executor di Redis dengan prefix: executor_pool-None-
05:22:52,940 root INFO ✅ Raw Worker ID dari Redis: []
05:22:52,940 root INFO ✅ Executor ID Setelah Parsing: []
05:22:52,940 root ERROR ❌ Tidak ada executor yang ditemukan di Redis!
05:22:52,941 root INFO Confidence Score : 0.0
05:22:52,941 root INFO Normal Registration
05:22:52,941 grpc._server ERROR Exception calling application: registerUserMember() missing 2 required positional arguments: 'user_member_unique_id' and 'user_member_description'
Traceback (most recent call last):
  File "/home/dev/face-infran-spark/venv/lib/python3.10/site-packages/grpc/_server.py", line 552, in _call_behavior
    response_or_iterator = behavior(argument, context)
  File "/home/dev/face-infran-spark/driver/driver_infran_service_async.py", line 521, in RegisterUser
    memberInfo = DBQ.registerUserMember(dbh, request.TenantID, request.Name, request.Name, request.Password)
TypeError: registerUserMember() missing 2 required positional arguments: 'user_member_unique_id' and 'user_member_description'
