05:51:33,975 root INFO 02/27/2025, 05:51:33.975065 Get RegisterUser Request
05:51:33,975 root INFO Detect Face Using MTCNN is called.
05:51:33,975 root INFO Hash Image is different
05:51:34,164 root INFO MTCNN face detection time: 175.702393 miliseconds
05:51:34,168 root INFO Face Detection time server: 192 milliseconds
05:51:34,168 root INFO Face Detection time : 193 miliseconds
05:51:34,168 root INFO Feature Extractor is called.
05:51:34,417 root INFO Feature Extraction time: 248.971054 miliseconds
05:51:34,417 root INFO All Service Feature Extractor time server: 250 milliseconds
05:51:34,418 root INFO Feature Extractor time : 250 miliseconds
05:51:34,418 root INFO 02/27/2025, 05:51:34.418619 Get IdentifyOne Request
05:51:34,418 root INFO 🔍 Mencari executor di Redis dengan prefix: executor_pool-172.16.13.216-
05:51:34,419 root INFO ✅ Raw Worker ID dari Redis: []
05:51:34,419 root INFO ✅ Executor ID Setelah Parsing: []
05:51:34,419 root ERROR ❌ Tidak ada executor yang ditemukan di Redis!
05:51:34,419 root INFO Confidence Score : 0.0
05:51:34,419 root INFO Normal Registration
05:51:34,419 grpc._server ERROR Exception calling application: registerUserMember() missing 2 required positional arguments: 'user_member_unique_id' and 'user_member_description'
Traceback (most recent call last):
  File "/home/dev/face-infran-spark/venv/lib/python3.10/site-packages/grpc/_server.py", line 552, in _call_behavior
    response_or_iterator = behavior(argument, context)
  File "/home/dev/face-infran-spark/driver/driver_infran_service_async.py", line 521, in RegisterUser
    memberInfo = DBQ.registerUserMember(dbh, request.TenantID, request.Name, request.Name, request.Password)
TypeError: registerUserMember() missing 2 required positional arguments: 'user_member_unique_id' and 'user_member_description'
