05:09:28,166 root INFO 02/27/2025, 05:09:28.166640 Get RegisterUser Request
05:09:28,167 root INFO Detect Face Using MTCNN is called.
05:09:28,167 root INFO Hash Image is different
05:09:28,357 root INFO MTCNN face detection time: 177.233053 miliseconds
05:09:28,361 root INFO Face Detection time server: 194 milliseconds
05:09:28,361 root INFO Face Detection time : 195 miliseconds
05:09:28,361 root INFO Feature Extractor is called.
05:09:28,592 root INFO Feature Extraction time: 230.753219 miliseconds
05:09:28,593 root INFO All Service Feature Extractor time server: 231 milliseconds
05:09:28,594 root INFO Feature Extractor time : 232 miliseconds
05:09:28,594 root INFO 02/27/2025, 05:09:28.594450 Get IdentifyOne Request
05:09:28,595 root INFO Raw Worker ID dari Redis: []
05:09:28,595 root INFO Executor ID Setelah Parsing: []
05:09:28,595 root INFO Executor ID: []
05:09:28,595 root INFO Get All Executor time : 1 miliseconds
05:09:28,595 root INFO Memory Usage Before Thread-Pool : 509.04296875 MB
05:09:28,596 root ERROR IdentifyOne: Tidak ada hasil dari worker (RespPoll kosong).
05:09:28,596 root INFO Confidence Score : 0.0
05:09:28,596 root INFO Normal Registration
05:09:28,596 grpc._server ERROR Exception calling application: registerUserMember() missing 2 required positional arguments: 'user_member_unique_id' and 'user_member_description'
Traceback (most recent call last):
  File "/home/dev/face-infran-spark/venv/lib/python3.10/site-packages/grpc/_server.py", line 552, in _call_behavior
    response_or_iterator = behavior(argument, context)
  File "/home/dev/face-infran-spark/driver/driver_infran_service_async.py", line 535, in RegisterUser
    memberInfo = DBQ.registerUserMember(dbh, request.TenantID, request.Name, request.Name, request.Password)
TypeError: registerUserMember() missing 2 required positional arguments: 'user_member_unique_id' and 'user_member_description'
